<?xml version="1.0" encoding="UTF-8"?>
<!-- Generated by org.testng.reporters.JUnitReportReporter -->
<testsuite name="test.project.Demo_project.Demo_Class1" tests="1" time="0.940" ignored="0" failures="0" timestamp="13 Nov 2017 07:31:25 GMT" skipped="0" hostname="cws-desktop" errors="0">
  <testcase name="f" time="0.940" classname="test.project.Demo_project.Demo_Class1"/>
</testsuite> <!-- test.project.Demo_project.Demo_Class1 -->
