<?xml version="1.0" encoding="UTF-8"?>
<!-- Generated by org.testng.reporters.JUnitReportReporter -->
<testsuite name="test.project.Demo_project.AppTest" tests="2" time="0.018" ignored="0" failures="0" timestamp="13 Nov 2017 07:08:34 GMT" skipped="1" hostname="cws-desktop" errors="1">
  <testcase name="beforeTest" time="0.000" classname="test.project.Demo_project.AppTest">
    <error type="org.openqa.selenium.WebDriverException" message="Failed to connect to binary FirefoxBinary(/usr/bin/firefox) on port 7055; process output follows: 
x.&quot;,&quot;creator&quot;:&quot;Canonical Ltd.&quot;,&quot;homepageURL&quot;:null},{&quot;locales&quot;:[&quot;uk&quot;],&quot;name&quot;:&quot;Ubuntu Modifications&quot;,&quot;description&quot;:&quot;Убунтівські доповнення до Firefox.&quot;,&quot;creator&quot;:&quot;Canonical Ltd.&quot;,&quot;homepageURL&quot;:null},{&quot;locales&quot;:[&quot;zh-CN&quot;],&quot;name&quot;:&quot;Ubuntu Modifications&quot;,&quot;description&quot;:&quot;Ubuntu 火狐扩展包.&quot;,&quot;creator&quot;:&quot;Canonical Ltd.&quot;,&quot;homepageURL&quot;:null},{&quot;locales&quot;:[&quot;zh-TW&quot;],&quot;name&quot;:&quot;Ubuntu Modifications&quot;,&quot;description&quot;:&quot;Ubuntu Firefox 擴充包。&quot;,&quot;creator&quot;:&quot;Canonical Ltd.&quot;,&quot;homepageURL&quot;:null}],&quot;targetApplications&quot;:[{&quot;id&quot;:&quot;{ec8030f7-c20a-464f-9b0e-13a3a9e97384}&quot;,&quot;minVersion&quot;:&quot;9.0&quot;,&quot;maxVersion&quot;:&quot;37.0a1&quot;}],&quot;targetPlatforms&quot;:[],&quot;multiprocessCompatible&quot;:true,&quot;signedState&quot;:0,&quot;seen&quot;:true}
1510556869656	DeferredSave.extensions.json	DEBUG	Save changes
1510556869656	addons.xpi	DEBUG	Updating database with changes to installed add-ons
1510556869656	addons.xpi-utils	DEBUG	Updating add-on states
1510556869661	addons.xpi-utils	DEBUG	Writing add-ons list
1510556869662	addons.xpi	DEBUG	Registering manifest for /opt/firefox45/browser/features/loop@mozilla.org.xpi
1510556869663	addons.xpi	DEBUG	Calling bootstrap method startup on loop@mozilla.org version 1.1.14
1510556869679	addons.manager	DEBUG	Starting provider: &lt;unnamed-provider&gt;
1510556869679	addons.manager	DEBUG	Registering shutdown blocker for &lt;unnamed-provider&gt;
1510556869680	addons.manager	DEBUG	Provider finished startup: &lt;unnamed-provider&gt;
1510556869697	addons.manager	DEBUG	Registering shutdown blocker for XPIProvider
1510556869697	addons.manager	DEBUG	Provider finished startup: XPIProvider
1510556869697	addons.manager	DEBUG	Starting provider: LightweightThemeManager
1510556869697	addons.manager	DEBUG	Registering shutdown blocker for LightweightThemeManager
1510556869698	addons.manager	DEBUG	Provider finished startup: LightweightThemeManager
1510556869698	addons.manager	DEBUG	Starting provider: GMPProvider
1510556869704	addons.manager	DEBUG	Registering shutdown blocker for GMPProvider
1510556869704	addons.manager	DEBUG	Provider finished startup: GMPProvider
1510556869704	addons.manager	DEBUG	Starting provider: PluginProvider
1510556869705	addons.manager	DEBUG	Registering shutdown blocker for PluginProvider
1510556869705	addons.manager	DEBUG	Provider finished startup: PluginProvider
1510556869705	addons.manager	DEBUG	Completed startup sequence
1510556871586	DeferredSave.extensions.json	DEBUG	Write succeeded
1510556871586	addons.xpi-utils	DEBUG	XPI Database saved, setting schema version preference to 17
1510556871586	DeferredSave.extensions.json	DEBUG	Starting timer
1510556871600	addons.repository	DEBUG	No addons.json found.
1510556871601	DeferredSave.addons.json	DEBUG	Save changes
1510556871624	DeferredSave.addons.json	DEBUG	Starting timer
1510556872085	addons.manager	DEBUG	Starting provider: PreviousExperimentProvider
1510556872085	addons.manager	DEBUG	Registering shutdown blocker for PreviousExperimentProvider
1510556872086	addons.manager	DEBUG	Provider finished startup: PreviousExperimentProvider
1510556872091	DeferredSave.extensions.json	DEBUG	Starting write
1510556872094	DeferredSave.addons.json	DEBUG	Starting write
1510556872122	DeferredSave.extensions.json	DEBUG	Write succeeded
1510556872128	DeferredSave.addons.json	DEBUG	Write succeeded
1510556894819	addons.xpi	DEBUG	Calling bootstrap method shutdown on loop@mozilla.org version 1.1.14
1510556895015	addons.manager	DEBUG	shutdown
1510556895015	addons.manager	DEBUG	Calling shutdown blocker for &lt;unnamed-provider&gt;
1510556895016	addons.manager	DEBUG	Calling shutdown blocker for XPIProvider
1510556895016	addons.xpi	DEBUG	shutdown
1510556895016	addons.xpi-utils	DEBUG	shutdown
1510556895017	addons.manager	DEBUG	Calling shutdown blocker for LightweightThemeManager
1510556895017	addons.manager	DEBUG	Calling shutdown blocker for GMPProvider
1510556895019	addons.manager	DEBUG	Calling shutdown blocker for PluginProvider
1510556895021	addons.manager	DEBUG	Calling shutdown blocker for PreviousExperimentProvider
1510556895026	addons.xpi	DEBUG	Notifying XPI shutdown observers
1510556895034	addons.manager	DEBUG	Async provider shutdown done

Build info: version: &#039;2.47.1&#039;, revision: &#039;unknown&#039;, time: &#039;2015-07-30 11:02:44&#039;
System info: host: &#039;cws-desktop&#039;, ip: &#039;127.0.1.1&#039;, os.name: &#039;Linux&#039;, os.arch: &#039;amd64&#039;, os.version: &#039;4.2.0-27-generic&#039;, java.version: &#039;1.7.0_151&#039;
Driver info: driver.version: FirefoxDriver">
      <![CDATA[org.openqa.selenium.WebDriverException: Failed to connect to binary FirefoxBinary(/usr/bin/firefox) on port 7055; process output follows: 
x.","creator":"Canonical Ltd.","homepageURL":null},{"locales":["uk"],"name":"Ubuntu Modifications","description":"Убунтівські доповнення до Firefox.","creator":"Canonical Ltd.","homepageURL":null},{"locales":["zh-CN"],"name":"Ubuntu Modifications","description":"Ubuntu 火狐扩展包.","creator":"Canonical Ltd.","homepageURL":null},{"locales":["zh-TW"],"name":"Ubuntu Modifications","description":"Ubuntu Firefox 擴充包。","creator":"Canonical Ltd.","homepageURL":null}],"targetApplications":[{"id":"{ec8030f7-c20a-464f-9b0e-13a3a9e97384}","minVersion":"9.0","maxVersion":"37.0a1"}],"targetPlatforms":[],"multiprocessCompatible":true,"signedState":0,"seen":true}
1510556869656	DeferredSave.extensions.json	DEBUG	Save changes
1510556869656	addons.xpi	DEBUG	Updating database with changes to installed add-ons
1510556869656	addons.xpi-utils	DEBUG	Updating add-on states
1510556869661	addons.xpi-utils	DEBUG	Writing add-ons list
1510556869662	addons.xpi	DEBUG	Registering manifest for /opt/firefox45/browser/features/loop@mozilla.org.xpi
1510556869663	addons.xpi	DEBUG	Calling bootstrap method startup on loop@mozilla.org version 1.1.14
1510556869679	addons.manager	DEBUG	Starting provider: <unnamed-provider>
1510556869679	addons.manager	DEBUG	Registering shutdown blocker for <unnamed-provider>
1510556869680	addons.manager	DEBUG	Provider finished startup: <unnamed-provider>
1510556869697	addons.manager	DEBUG	Registering shutdown blocker for XPIProvider
1510556869697	addons.manager	DEBUG	Provider finished startup: XPIProvider
1510556869697	addons.manager	DEBUG	Starting provider: LightweightThemeManager
1510556869697	addons.manager	DEBUG	Registering shutdown blocker for LightweightThemeManager
1510556869698	addons.manager	DEBUG	Provider finished startup: LightweightThemeManager
1510556869698	addons.manager	DEBUG	Starting provider: GMPProvider
1510556869704	addons.manager	DEBUG	Registering shutdown blocker for GMPProvider
1510556869704	addons.manager	DEBUG	Provider finished startup: GMPProvider
1510556869704	addons.manager	DEBUG	Starting provider: PluginProvider
1510556869705	addons.manager	DEBUG	Registering shutdown blocker for PluginProvider
1510556869705	addons.manager	DEBUG	Provider finished startup: PluginProvider
1510556869705	addons.manager	DEBUG	Completed startup sequence
1510556871586	DeferredSave.extensions.json	DEBUG	Write succeeded
1510556871586	addons.xpi-utils	DEBUG	XPI Database saved, setting schema version preference to 17
1510556871586	DeferredSave.extensions.json	DEBUG	Starting timer
1510556871600	addons.repository	DEBUG	No addons.json found.
1510556871601	DeferredSave.addons.json	DEBUG	Save changes
1510556871624	DeferredSave.addons.json	DEBUG	Starting timer
1510556872085	addons.manager	DEBUG	Starting provider: PreviousExperimentProvider
1510556872085	addons.manager	DEBUG	Registering shutdown blocker for PreviousExperimentProvider
1510556872086	addons.manager	DEBUG	Provider finished startup: PreviousExperimentProvider
1510556872091	DeferredSave.extensions.json	DEBUG	Starting write
1510556872094	DeferredSave.addons.json	DEBUG	Starting write
1510556872122	DeferredSave.extensions.json	DEBUG	Write succeeded
1510556872128	DeferredSave.addons.json	DEBUG	Write succeeded
1510556894819	addons.xpi	DEBUG	Calling bootstrap method shutdown on loop@mozilla.org version 1.1.14
1510556895015	addons.manager	DEBUG	shutdown
1510556895015	addons.manager	DEBUG	Calling shutdown blocker for <unnamed-provider>
1510556895016	addons.manager	DEBUG	Calling shutdown blocker for XPIProvider
1510556895016	addons.xpi	DEBUG	shutdown
1510556895016	addons.xpi-utils	DEBUG	shutdown
1510556895017	addons.manager	DEBUG	Calling shutdown blocker for LightweightThemeManager
1510556895017	addons.manager	DEBUG	Calling shutdown blocker for GMPProvider
1510556895019	addons.manager	DEBUG	Calling shutdown blocker for PluginProvider
1510556895021	addons.manager	DEBUG	Calling shutdown blocker for PreviousExperimentProvider
1510556895026	addons.xpi	DEBUG	Notifying XPI shutdown observers
1510556895034	addons.manager	DEBUG	Async provider shutdown done

Build info: version: '2.47.1', revision: 'unknown', time: '2015-07-30 11:02:44'
System info: host: 'cws-desktop', ip: '127.0.1.1', os.name: 'Linux', os.arch: 'amd64', os.version: '4.2.0-27-generic', java.version: '1.7.0_151'
Driver info: driver.version: FirefoxDriver
	at org.openqa.selenium.firefox.internal.NewProfileExtensionConnection.start(NewProfileExtensionConnection.java:134)
	at org.openqa.selenium.firefox.FirefoxDriver.startClient(FirefoxDriver.java:276)
	at org.openqa.selenium.remote.RemoteWebDriver.<init>(RemoteWebDriver.java:116)
	at org.openqa.selenium.firefox.FirefoxDriver.<init>(FirefoxDriver.java:221)
	at org.openqa.selenium.firefox.FirefoxDriver.<init>(FirefoxDriver.java:216)
	at org.openqa.selenium.firefox.FirefoxDriver.<init>(FirefoxDriver.java:212)
	at org.openqa.selenium.firefox.FirefoxDriver.<init>(FirefoxDriver.java:125)
	at test.project.Demo_project.AppTest.beforeTest(AppTest.java:21)
	at sun.reflect.NativeMethodAccessorImpl.invoke0(Native Method)
	at sun.reflect.NativeMethodAccessorImpl.invoke(NativeMethodAccessorImpl.java:57)
	at sun.reflect.DelegatingMethodAccessorImpl.invoke(DelegatingMethodAccessorImpl.java:43)
	at java.lang.reflect.Method.invoke(Method.java:606)
	at org.testng.internal.MethodInvocationHelper.invokeMethod(MethodInvocationHelper.java:104)
	at org.testng.internal.Invoker.invokeConfigurationMethod(Invoker.java:515)
	at org.testng.internal.Invoker.invokeConfigurations(Invoker.java:217)
	at org.testng.internal.Invoker.invokeConfigurations(Invoker.java:144)
	at org.testng.TestRunner.beforeRun(TestRunner.java:634)
	at org.testng.TestRunner.run(TestRunner.java:602)
	at org.testng.SuiteRunner.runTest(SuiteRunner.java:387)
	at org.testng.SuiteRunner.runSequentially(SuiteRunner.java:382)
	at org.testng.SuiteRunner.privateRun(SuiteRunner.java:340)
	at org.testng.SuiteRunner.run(SuiteRunner.java:289)
	at org.testng.SuiteRunnerWorker.runSuite(SuiteRunnerWorker.java:52)
	at org.testng.SuiteRunnerWorker.run(SuiteRunnerWorker.java:86)
	at org.testng.TestNG.runSuitesSequentially(TestNG.java:1293)
	at org.testng.TestNG.runSuitesLocally(TestNG.java:1218)
	at org.testng.TestNG.runSuites(TestNG.java:1133)
	at org.testng.TestNG.run(TestNG.java:1104)
	at org.testng.remote.AbstractRemoteTestNG.run(AbstractRemoteTestNG.java:132)
	at org.testng.remote.RemoteTestNG.initAndRun(RemoteTestNG.java:236)
	at org.testng.remote.RemoteTestNG.main(RemoteTestNG.java:81)
Caused by: org.openqa.selenium.firefox.NotConnectedException: Unable to connect to host 127.0.0.1 on port 7055 after 45000 ms. Firefox console output:
x.","creator":"Canonical Ltd.","homepageURL":null},{"locales":["uk"],"name":"Ubuntu Modifications","description":"Убунтівські доповнення до Firefox.","creator":"Canonical Ltd.","homepageURL":null},{"locales":["zh-CN"],"name":"Ubuntu Modifications","description":"Ubuntu 火狐扩展包.","creator":"Canonical Ltd.","homepageURL":null},{"locales":["zh-TW"],"name":"Ubuntu Modifications","description":"Ubuntu Firefox 擴充包。","creator":"Canonical Ltd.","homepageURL":null}],"targetApplications":[{"id":"{ec8030f7-c20a-464f-9b0e-13a3a9e97384}","minVersion":"9.0","maxVersion":"37.0a1"}],"targetPlatforms":[],"multiprocessCompatible":true,"signedState":0,"seen":true}
1510556869656	DeferredSave.extensions.json	DEBUG	Save changes
1510556869656	addons.xpi	DEBUG	Updating database with changes to installed add-ons
1510556869656	addons.xpi-utils	DEBUG	Updating add-on states
1510556869661	addons.xpi-utils	DEBUG	Writing add-ons list
1510556869662	addons.xpi	DEBUG	Registering manifest for /opt/firefox45/browser/features/loop@mozilla.org.xpi
1510556869663	addons.xpi	DEBUG	Calling bootstrap method startup on loop@mozilla.org version 1.1.14
1510556869679	addons.manager	DEBUG	Starting provider: <unnamed-provider>
1510556869679	addons.manager	DEBUG	Registering shutdown blocker for <unnamed-provider>
1510556869680	addons.manager	DEBUG	Provider finished startup: <unnamed-provider>
1510556869697	addons.manager	DEBUG	Registering shutdown blocker for XPIProvider
1510556869697	addons.manager	DEBUG	Provider finished startup: XPIProvider
1510556869697	addons.manager	DEBUG	Starting provider: LightweightThemeManager
1510556869697	addons.manager	DEBUG	Registering shutdown blocker for LightweightThemeManager
1510556869698	addons.manager	DEBUG	Provider finished startup: LightweightThemeManager
1510556869698	addons.manager	DEBUG	Starting provider: GMPProvider
1510556869704	addons.manager	DEBUG	Registering shutdown blocker for GMPProvider
1510556869704	addons.manager	DEBUG	Provider finished startup: GMPProvider
1510556869704	addons.manager	DEBUG	Starting provider: PluginProvider
1510556869705	addons.manager	DEBUG	Registering shutdown blocker for PluginProvider
1510556869705	addons.manager	DEBUG	Provider finished startup: PluginProvider
1510556869705	addons.manager	DEBUG	Completed startup sequence
1510556871586	DeferredSave.extensions.json	DEBUG	Write succeeded
1510556871586	addons.xpi-utils	DEBUG	XPI Database saved, setting schema version preference to 17
1510556871586	DeferredSave.extensions.json	DEBUG	Starting timer
1510556871600	addons.repository	DEBUG	No addons.json found.
1510556871601	DeferredSave.addons.json	DEBUG	Save changes
1510556871624	DeferredSave.addons.json	DEBUG	Starting timer
1510556872085	addons.manager	DEBUG	Starting provider: PreviousExperimentProvider
1510556872085	addons.manager	DEBUG	Registering shutdown blocker for PreviousExperimentProvider
1510556872086	addons.manager	DEBUG	Provider finished startup: PreviousExperimentProvider
1510556872091	DeferredSave.extensions.json	DEBUG	Starting write
1510556872094	DeferredSave.addons.json	DEBUG	Starting write
1510556872122	DeferredSave.extensions.json	DEBUG	Write succeeded
1510556872128	DeferredSave.addons.json	DEBUG	Write succeeded
1510556894819	addons.xpi	DEBUG	Calling bootstrap method shutdown on loop@mozilla.org version 1.1.14
1510556895015	addons.manager	DEBUG	shutdown
1510556895015	addons.manager	DEBUG	Calling shutdown blocker for <unnamed-provider>
1510556895016	addons.manager	DEBUG	Calling shutdown blocker for XPIProvider
1510556895016	addons.xpi	DEBUG	shutdown
1510556895016	addons.xpi-utils	DEBUG	shutdown
1510556895017	addons.manager	DEBUG	Calling shutdown blocker for LightweightThemeManager
1510556895017	addons.manager	DEBUG	Calling shutdown blocker for GMPProvider
1510556895019	addons.manager	DEBUG	Calling shutdown blocker for PluginProvider
1510556895021	addons.manager	DEBUG	Calling shutdown blocker for PreviousExperimentProvider
1510556895026	addons.xpi	DEBUG	Notifying XPI shutdown observers
1510556895034	addons.manager	DEBUG	Async provider shutdown done

	at org.openqa.selenium.firefox.internal.NewProfileExtensionConnection.start(NewProfileExtensionConnection.java:122)
	... 30 more
]]>
    </error>
  </testcase> <!-- beforeTest -->
  <testcase name="f" time="0.018" classname="test.project.Demo_project.AppTest">
    <skipped/>
  </testcase> <!-- f -->
</testsuite> <!-- test.project.Demo_project.AppTest -->
