<?xml version="1.0" encoding="UTF-8"?>
<!-- Generated by org.testng.reporters.JUnitReportReporter -->
<testsuite name="test.project.Demo_project.Demo_Class1" tests="1" time="2.057" ignored="0" failures="0" timestamp="13 Nov 2017 11:30:18 GMT" skipped="0" hostname="cws-desktop" errors="0">
  <testcase name="f" time="2.057" classname="test.project.Demo_project.Demo_Class1"/>
</testsuite> <!-- test.project.Demo_project.Demo_Class1 -->
